<?xml version="1.0" encoding="UTF-8"?>
<testsuite name="co.com.myStore.automation.runners.RunnerTags" tests="0" skipped="0" failures="0" errors="0" timestamp="1970-01-01T00:00:00" hostname="EMPDESARROLLO10" time="0.0">
  <properties/>
  <system-out><![CDATA[
?[33mPending scenarios:?[0m
?[33msrc/test/resources/features/myStore.feature:6 ?[0m# Log in in my store

1 Scenarios (?[33m1 pending?[0m)
3 Steps (?[33m1 pending?[0m, ?[32m2 passed?[0m)
0m23,789s

cucumber.api.PendingException: Error de autentificacion
	at co.com.myStore.automation.stepdefinitions.loginStepDefinitions.clickingTheRegisterButton(loginStepDefinitions.java:39)
	at ?.clicking the register button(src/test/resources/features/myStore.feature:9)


]]></system-out>
  <system-err><![CDATA[SLF4J: Failed to load class "org.slf4j.impl.StaticLoggerBinder".
SLF4J: Defaulting to no-operation (NOP) logger implementation
SLF4J: See http://www.slf4j.org/codes.html#StaticLoggerBinder for further details.
]]></system-err>
</testsuite>
